<?xml version="1.0" encoding="UTF-8"?>
<!-- Generated by org.testng.reporters.JUnitReportReporter -->
<testsuite hostname="DESKTOP-0CHRNDP" failures="0" tests="3" name="org.TestNg.tv.tv" time="0.016" errors="0" timestamp="2022-04-07T16:14:24 IST" skipped="1">
  <testcase classname="org.TestNg.tv.tv" name="phone2" time="0.007"/>
  <system-out/>
  <testcase classname="org.TestNg.tv.tv" name="bike2" time="0.009"/>
  <system-out/>
  <testcase classname="org.TestNg.tv.tv" name="bar">
    <skipped/>
  </testcase> <!-- bar -->
  <system-out/>
</testsuite> <!-- org.TestNg.tv.tv -->
