<?xml version="1.0" encoding="UTF-8"?>
<!-- Generated by org.testng.reporters.JUnitReportReporter -->
<testsuite hostname="DESKTOP-0CHRNDP" failures="0" tests="3" name="org.TestNg.home" time="0.004" errors="0" timestamp="2022-04-06T17:08:07 IST" skipped="0">
  <testcase classname="org.TestNg.home" name="home1" time="0.001"/>
  <system-out/>
  <testcase classname="org.TestNg.home" name="phone1" time="0.002"/>
  <system-out/>
  <testcase classname="org.TestNg.home" name="bike1" time="0.001"/>
  <system-out/>
</testsuite> <!-- org.TestNg.home -->
