<?xml version="1.0" encoding="UTF-8"?>
<!-- Generated by org.testng.reporters.JUnitReportReporter -->
<testsuite hostname="DESKTOP-0CHRNDP" failures="0" tests="3" name="ContactUs_UniCreds" time="0.012" errors="0" timestamp="2022-04-07T16:14:24 IST" skipped="0">
  <testcase classname="ContactUs_UniCreds" name="phone" time="0.004"/>
  <system-out/>
  <testcase classname="ContactUs_UniCreds" name="bike" time="0.002"/>
  <system-out/>
  <testcase classname="ContactUs_UniCreds" name="home" time="0.006"/>
  <system-out/>
</testsuite> <!-- ContactUs_UniCreds -->
