<?xml version="1.0" encoding="UTF-8"?>
<!-- Generated by org.testng.reporters.JUnitReportReporter -->
<testsuite hostname="DESKTOP-0CHRNDP" failures="0" tests="3" name="org.TestNg.bike" time="0.005" errors="0" timestamp="2022-04-06T17:08:07 IST" skipped="0">
  <testcase classname="org.TestNg.bike" name="home" time="0.001"/>
  <system-out/>
  <testcase classname="org.TestNg.bike" name="bike" time="0.001"/>
  <system-out/>
  <testcase classname="org.TestNg.bike" name="phone" time="0.003"/>
  <system-out/>
</testsuite> <!-- org.TestNg.bike -->
