<?xml version="1.0" encoding="UTF-8"?>
<!-- Generated by org.testng.reporters.JUnitReportReporter -->
<testsuite hostname="DESKTOP-0CHRNDP" failures="0" tests="3" name="org.TestNg.tv" time="0.011" errors="0" timestamp="2022-04-06T17:08:07 IST" skipped="0">
  <testcase classname="org.TestNg.tv" name="bike2" time="0.001"/>
  <system-out/>
  <testcase classname="org.TestNg.tv" name="phone2" time="0.002"/>
  <system-out/>
  <testcase classname="org.TestNg.tv" name="bar" time="0.008"/>
  <system-out/>
</testsuite> <!-- org.TestNg.tv -->
