<?xml version="1.0" encoding="UTF-8"?>
<!-- Generated by org.testng.reporters.JUnitReportReporter -->
<testsuite hostname="DESKTOP-0CHRNDP" failures="0" tests="3" name="org.TestNg.bike.bikedup" time="0.031" errors="0" timestamp="2022-04-07T16:14:24 IST" skipped="0">
  <testcase classname="org.TestNg.bike.bikedup" name="homedup" time="0.011"/>
  <system-out/>
  <testcase classname="org.TestNg.bike.bikedup" name="phonedup" time="0.012"/>
  <system-out/>
  <testcase classname="org.TestNg.bike.bikedup" name="bikedupw" time="0.008"/>
  <system-out/>
</testsuite> <!-- org.TestNg.bike.bikedup -->
